<?xml version="1.0" encoding="UTF-8" ?>
<testsuite tests="6" failures="0" name="com.connectgroup.DataFiltererTest" time="0.141" errors="0" skipped="0">
  <properties>
    <property name="java.runtime.name" value="Java(TM) SE Runtime Environment"/>
    <property name="sun.boot.library.path" value="C:\Java\jdk1.8.0_151\jre\bin"/>
    <property name="java.vm.version" value="25.151-b12"/>
    <property name="java.vm.vendor" value="Oracle Corporation"/>
    <property name="maven.multiModuleProjectDirectory" value="C:\Projects\Eclipse\outros\coding-test"/>
    <property name="java.vendor.url" value="http://java.oracle.com/"/>
    <property name="path.separator" value=";"/>
    <property name="guice.disable.misplaced.annotation.check" value="true"/>
    <property name="java.vm.name" value="Java HotSpot(TM) 64-Bit Server VM"/>
    <property name="file.encoding.pkg" value="sun.io"/>
    <property name="user.script" value=""/>
    <property name="user.country" value="GB"/>
    <property name="sun.java.launcher" value="SUN_STANDARD"/>
    <property name="sun.os.patch.level" value=""/>
    <property name="java.vm.specification.name" value="Java Virtual Machine Specification"/>
    <property name="user.dir" value="C:\Projects\Eclipse\outros\coding-test"/>
    <property name="java.runtime.version" value="1.8.0_151-b12"/>
    <property name="java.awt.graphicsenv" value="sun.awt.Win32GraphicsEnvironment"/>
    <property name="java.endorsed.dirs" value="C:\Java\jdk1.8.0_151\jre\lib\endorsed"/>
    <property name="os.arch" value="amd64"/>
    <property name="java.io.tmpdir" value="C:\Users\JAVADE~1\AppData\Local\Temp\"/>
    <property name="line.separator" value="
"/>
    <property name="java.vm.specification.vendor" value="Oracle Corporation"/>
    <property name="user.variant" value=""/>
    <property name="os.name" value="Windows 10"/>
    <property name="classworlds.conf" value="C:\Projects\Eclipse\web\.metadata\.plugins\org.eclipse.m2e.launching\launches\m2conf3262999624417912852.tmp"/>
    <property name="sun.jnu.encoding" value="Cp1252"/>
    <property name="java.library.path" value="C:\Java\jdk1.8.0_151\bin;C:\WINDOWS\Sun\Java\bin;C:\WINDOWS\system32;C:\WINDOWS;C:\Java\jdk1.8.0_151\jre\bin;C:/Java/jdk1.8.0_151/bin/../jre/bin/server;C:/Java/jdk1.8.0_151/bin/../jre/bin;C:/Java/jdk1.8.0_151/bin/../jre/lib/amd64;C:\Python37\Scripts\;C:\Python37\;C:\WINDOWS\system32;C:\WINDOWS;C:\WINDOWS\System32\Wbem;C:\WINDOWS\System32\WindowsPowerShell\v1.0\;C:\Java\jdk1.8.0_151\bin;C:\Program Files\nodejs\;C:\WINDOWS\System32\OpenSSH\;C:\Program Files\Microsoft VS Code\bin;C:\Java\maven-3.5.4\bin;C:\Java\maven-3.5.4\bin;C:\Users\Java Dev\AppData\Local\Microsoft\WindowsApps;;C:\Users\Java Dev\AppData\Roaming\npm;C:\Program Files\Microsoft VS Code\bin;C:\Users\Java Dev\Desktop;;."/>
    <property name="java.specification.name" value="Java Platform API Specification"/>
    <property name="java.class.version" value="52.0"/>
    <property name="sun.management.compiler" value="HotSpot 64-Bit Tiered Compilers"/>
    <property name="os.version" value="10.0"/>
    <property name="user.home" value="C:\Users\Java Dev"/>
    <property name="user.timezone" value="Europe/London"/>
    <property name="java.awt.printerjob" value="sun.awt.windows.WPrinterJob"/>
    <property name="java.specification.version" value="1.8"/>
    <property name="file.encoding" value="Cp1252"/>
    <property name="user.name" value="Java Dev"/>
    <property name="java.class.path" value="C:\Users\Java Dev\.p2\pool\plugins\org.eclipse.m2e.maven.runtime_1.8.3.20180227-2135\jars\plexus-classworlds-2.5.2.jar"/>
    <property name="java.vm.specification.version" value="1.8"/>
    <property name="sun.arch.data.model" value="64"/>
    <property name="java.home" value="C:\Java\jdk1.8.0_151\jre"/>
    <property name="sun.java.command" value="org.codehaus.plexus.classworlds.launcher.Launcher -B -s C:\Java\maven-3.5.4\conf\settings.xml test"/>
    <property name="java.specification.vendor" value="Oracle Corporation"/>
    <property name="user.language" value="en"/>
    <property name="awt.toolkit" value="sun.awt.windows.WToolkit"/>
    <property name="java.vm.info" value="mixed mode"/>
    <property name="java.version" value="1.8.0_151"/>
    <property name="java.ext.dirs" value="C:\Java\jdk1.8.0_151\jre\lib\ext;C:\WINDOWS\Sun\Java\lib\ext"/>
    <property name="sun.boot.class.path" value="C:\Java\jdk1.8.0_151\jre\lib\resources.jar;C:\Java\jdk1.8.0_151\jre\lib\rt.jar;C:\Java\jdk1.8.0_151\jre\lib\sunrsasign.jar;C:\Java\jdk1.8.0_151\jre\lib\jsse.jar;C:\Java\jdk1.8.0_151\jre\lib\jce.jar;C:\Java\jdk1.8.0_151\jre\lib\charsets.jar;C:\Java\jdk1.8.0_151\jre\lib\jfr.jar;C:\Java\jdk1.8.0_151\jre\classes"/>
    <property name="java.vendor" value="Oracle Corporation"/>
    <property name="maven.home" value="C:\Projects\Eclipse\outros\coding-test\EMBEDDED"/>
    <property name="file.separator" value="\"/>
    <property name="java.vendor.url.bug" value="http://bugreport.sun.com/bugreport/"/>
    <property name="sun.cpu.endian" value="little"/>
    <property name="sun.io.unicode.encoding" value="UnicodeLittle"/>
    <property name="sun.desktop" value="windows"/>
    <property name="sun.cpu.isalist" value="amd64"/>
  </properties>
  <testcase classname="com.connectgroup.DataFiltererTest" name="shouldReturnNotEmptyCollection_WhenUSResponseTimeAbove700" time="0.125"/>
  <testcase classname="com.connectgroup.DataFiltererTest" name="shouldNotReturnEmptyCollection_WhenLoadingMultiLinesFile" time="0.016"/>
  <testcase classname="com.connectgroup.DataFiltererTest" name="shouldReturnEmptyCollection_WhenLogFileIsEmpty" time="0"/>
  <testcase classname="com.connectgroup.DataFiltererTest" name="shouldReturnEmptyCollection_WhenDEResponseTimeShouldBeNotBiggerThan414" time="0"/>
  <testcase classname="com.connectgroup.DataFiltererTest" name="shouldNotReturnEmptyCollection_WhenReadingGBFromMultiLinesFile" time="0"/>
  <testcase classname="com.connectgroup.DataFiltererTest" name="shouldReturnEmptyCollection_WhenLoadingZZCountrFromMultiLinesFiley" time="0"/>
</testsuite>